<?xml version="1.0" encoding="UTF-8"?>
<!-- Generated by org.testng.reporters.JUnitReportReporter -->
<testsuite hostname="TCOE-4171Z96-LX" name="scenarios.Yelp_EditTest" tests="1" failures="0" timestamp="12 Jul 2017 04:13:57 GMT" time="45.860" errors="0">
  <testcase name="testScenario" time="45.860" classname="scenarios.Yelp_EditTest"/>
</testsuite> <!-- scenarios.Yelp_EditTest -->
