<?xml version="1.0" encoding="UTF-8"?>
<!-- Generated by org.testng.reporters.JUnitReportReporter -->
<testsuite hostname="TCOE-4171Z96-LX" name="scenarios.ContributeEU2" tests="1" failures="0" timestamp="12 Jul 2017 04:08:25 GMT" time="50.845" errors="0">
  <testcase name="testScenario" time="50.845" classname="scenarios.ContributeEU2"/>
</testsuite> <!-- scenarios.ContributeEU2 -->
