<?xml version="1.0" encoding="UTF-8"?>
<!-- Generated by org.testng.reporters.JUnitReportReporter -->
<testsuite hostname="ERGO-5203FRV-L" name="scenarios.FinalExam" tests="1" failures="0" timestamp="27 Jul 2016 07:39:55 GMT" time="74.418" errors="0">
  <testcase name="testScenario" time="74.418" classname="scenarios.FinalExam"/>
</testsuite> <!-- scenarios.FinalExam -->
