<?xml version="1.0" encoding="UTF-8"?>
<!-- Generated by org.testng.reporters.JUnitReportReporter -->
<testsuite hostname="ERGO-5203FRV-L" name="testng" tests="1" failures="0" timestamp="3 Aug 2016 03:00:57 GMT" time="0.038" errors="0">
  <testcase name="test" time="0.038" classname="testng"/>
</testsuite> <!-- testng -->
