<?xml version="1.0" encoding="UTF-8"?>
<!-- Generated by org.testng.reporters.JUnitReportReporter -->
<testsuite hostname="TCOE-CVV1CT1-LX" name="scenarios.SFDCTest" tests="1" failures="0" timestamp="18 Aug 2016 12:20:36 GMT" time="82.488" errors="0">
  <testcase name="testScenario" time="82.488" classname="scenarios.SFDCTest"/>
</testsuite> <!-- scenarios.SFDCTest -->
