<?xml version="1.0" encoding="UTF-8"?>
<!-- Generated by org.testng.reporters.JUnitReportReporter -->
<testsuite hostname="TCOE-4171Z96-LX" name="scenarios.YelpEditTest" tests="1" failures="0" timestamp="12 Jul 2017 05:31:06 GMT" time="37.556" errors="0">
  <testcase name="testScenario" time="37.556" classname="scenarios.YelpEditTest"/>
</testsuite> <!-- scenarios.YelpEditTest -->
