<?xml version="1.0" encoding="UTF-8"?>
<!-- Generated by org.testng.reporters.JUnitReportReporter -->
<testsuite hostname="TCOE-CVV1CT1-LX" name="scenarios.ContributeEU" tests="1" failures="0" timestamp="22 Mar 2017 08:26:54 GMT" time="0.282" errors="1">
  <testcase name="testScenario" time="0.282" classname="scenarios.ContributeEU">
    <error type="org.openqa.selenium.WebDriverException" message="Failed to connect to binary FirefoxBinary(C:\Program Files\Mozilla Firefox\firefox.exe) on port 7055; process output follows: 
e,&quot;hasBinaryComponents&quot;:false,&quot;strictCompatibility&quot;:true,&quot;locales&quot;:[],&quot;targetApplications&quot;:[{&quot;id&quot;:&quot;{ec8030f7-c20a-464f-9b0e-13a3a9e97384}&quot;,&quot;minVersion&quot;:&quot;47.0.2&quot;,&quot;maxVersion&quot;:&quot;47.0.2&quot;}],&quot;targetPlatforms&quot;:[],&quot;seen&quot;:true}
1490171174962	DeferredSave.extensions.json	DEBUG	Save changes
1490171174963	addons.xpi	DEBUG	Updating database with changes to installed add-ons
1490171174964	addons.xpi-utils	DEBUG	Updating add-on states
1490171174973	addons.xpi-utils	DEBUG	Writing add-ons list
1490171175015	addons.xpi	DEBUG	Registering manifest for C:\Users\renz.r.ordonez\AppData\Local\Temp\anonymous8164435782169391773webdriver-profile\extensions\firebug@software.joehewitt.com.xpi
1490171175040	addons.xpi	DEBUG	Calling bootstrap method startup on firebug@software.joehewitt.com version 2.0.19
1490171175169	addons.xpi	DEBUG	Registering manifest for C:\Program Files\Mozilla Firefox\browser\features\e10srollout@mozilla.org.xpi
1490171175199	addons.xpi	DEBUG	Loading bootstrap scope from C:\Program Files\Mozilla Firefox\browser\features\e10srollout@mozilla.org.xpi
1490171175281	addons.xpi	DEBUG	Calling bootstrap method startup on e10srollout@mozilla.org version 1.0
1490171175303	addons.xpi	DEBUG	Registering manifest for C:\Program Files\Mozilla Firefox\browser\features\firefox@getpocket.com.xpi
1490171175327	addons.xpi	DEBUG	Loading bootstrap scope from C:\Program Files\Mozilla Firefox\browser\features\firefox@getpocket.com.xpi
1490171175370	addons.xpi	DEBUG	Calling bootstrap method startup on firefox@getpocket.com version 1.0.2
1490171175374	addons.xpi	DEBUG	Registering manifest for C:\Program Files\Mozilla Firefox\browser\features\loop@mozilla.org.xpi
1490171175393	addons.xpi	DEBUG	Loading bootstrap scope from C:\Program Files\Mozilla Firefox\browser\features\loop@mozilla.org.xpi
1490171175420	addons.xpi	DEBUG	Calling bootstrap method startup on loop@mozilla.org version 1.3.2
1490171175640	addons.xpi	DEBUG	Registering manifest for C:\Program Files\Mozilla Firefox\browser\features\websensehelper@mozilla.org.xpi
1490171175657	addons.xpi	DEBUG	Loading bootstrap scope from C:\Program Files\Mozilla Firefox\browser\features\websensehelper@mozilla.org.xpi
1490171175705	addons.xpi	DEBUG	Calling bootstrap method startup on websensehelper@mozilla.org version 1.0
1490171175719	addons.manager	DEBUG	Registering shutdown blocker for XPIProvider
1490171175720	addons.manager	DEBUG	Provider finished startup: XPIProvider
1490171175720	addons.manager	DEBUG	Starting provider: LightweightThemeManager
1490171175720	addons.manager	DEBUG	Registering shutdown blocker for LightweightThemeManager
1490171175721	addons.manager	DEBUG	Provider finished startup: LightweightThemeManager
1490171175739	addons.manager	DEBUG	Starting provider: GMPProvider
1490171175846	addons.manager	DEBUG	Registering shutdown blocker for GMPProvider
1490171175848	addons.manager	DEBUG	Provider finished startup: GMPProvider
1490171175856	addons.manager	DEBUG	Starting provider: PluginProvider
1490171175857	addons.manager	DEBUG	Registering shutdown blocker for PluginProvider
1490171175860	addons.manager	DEBUG	Provider finished startup: PluginProvider
1490171175861	addons.manager	DEBUG	Completed startup sequence
1490171183013	addons.manager	DEBUG	Starting provider: &lt;unnamed-provider&gt;
1490171183013	addons.manager	DEBUG	Registering shutdown blocker for &lt;unnamed-provider&gt;
1490171183014	addons.manager	DEBUG	Provider finished startup: &lt;unnamed-provider&gt;
1490171185147	DeferredSave.extensions.json	DEBUG	Write succeeded
1490171185149	addons.xpi-utils	DEBUG	XPI Database saved, setting schema version preference to 17
1490171185150	DeferredSave.extensions.json	DEBUG	Starting timer
1490171185202	DeferredSave.extensions.json	DEBUG	Starting write
1490171186374	addons.manager	DEBUG	Starting provider: PreviousExperimentProvider
1490171186375	addons.manager	DEBUG	Registering shutdown blocker for PreviousExperimentProvider
1490171186377	addons.manager	DEBUG	Provider finished startup: PreviousExperimentProvider
1490171186672	DeferredSave.extensions.json	DEBUG	Write succeeded

Build info: version: &#039;2.53.0&#039;, revision: &#039;35ae25b1534ae328c771e0856c93e187490ca824&#039;, time: &#039;2016-03-15 10:43:46&#039;
System info: host: &#039;TCOE-CVV1CT1-LX&#039;, ip: &#039;10.215.74.99&#039;, os.name: &#039;Windows 10&#039;, os.arch: &#039;amd64&#039;, os.version: &#039;10.0&#039;, java.version: &#039;1.8.0_101&#039;
Driver info: driver.version: FirefoxDriver">
      <![CDATA[org.openqa.selenium.WebDriverException: Failed to connect to binary FirefoxBinary(C:\Program Files\Mozilla Firefox\firefox.exe) on port 7055; process output follows: 
e,"hasBinaryComponents":false,"strictCompatibility":true,"locales":[],"targetApplications":[{"id":"{ec8030f7-c20a-464f-9b0e-13a3a9e97384}","minVersion":"47.0.2","maxVersion":"47.0.2"}],"targetPlatforms":[],"seen":true}
1490171174962	DeferredSave.extensions.json	DEBUG	Save changes
1490171174963	addons.xpi	DEBUG	Updating database with changes to installed add-ons
1490171174964	addons.xpi-utils	DEBUG	Updating add-on states
1490171174973	addons.xpi-utils	DEBUG	Writing add-ons list
1490171175015	addons.xpi	DEBUG	Registering manifest for C:\Users\renz.r.ordonez\AppData\Local\Temp\anonymous8164435782169391773webdriver-profile\extensions\firebug@software.joehewitt.com.xpi
1490171175040	addons.xpi	DEBUG	Calling bootstrap method startup on firebug@software.joehewitt.com version 2.0.19
1490171175169	addons.xpi	DEBUG	Registering manifest for C:\Program Files\Mozilla Firefox\browser\features\e10srollout@mozilla.org.xpi
1490171175199	addons.xpi	DEBUG	Loading bootstrap scope from C:\Program Files\Mozilla Firefox\browser\features\e10srollout@mozilla.org.xpi
1490171175281	addons.xpi	DEBUG	Calling bootstrap method startup on e10srollout@mozilla.org version 1.0
1490171175303	addons.xpi	DEBUG	Registering manifest for C:\Program Files\Mozilla Firefox\browser\features\firefox@getpocket.com.xpi
1490171175327	addons.xpi	DEBUG	Loading bootstrap scope from C:\Program Files\Mozilla Firefox\browser\features\firefox@getpocket.com.xpi
1490171175370	addons.xpi	DEBUG	Calling bootstrap method startup on firefox@getpocket.com version 1.0.2
1490171175374	addons.xpi	DEBUG	Registering manifest for C:\Program Files\Mozilla Firefox\browser\features\loop@mozilla.org.xpi
1490171175393	addons.xpi	DEBUG	Loading bootstrap scope from C:\Program Files\Mozilla Firefox\browser\features\loop@mozilla.org.xpi
1490171175420	addons.xpi	DEBUG	Calling bootstrap method startup on loop@mozilla.org version 1.3.2
1490171175640	addons.xpi	DEBUG	Registering manifest for C:\Program Files\Mozilla Firefox\browser\features\websensehelper@mozilla.org.xpi
1490171175657	addons.xpi	DEBUG	Loading bootstrap scope from C:\Program Files\Mozilla Firefox\browser\features\websensehelper@mozilla.org.xpi
1490171175705	addons.xpi	DEBUG	Calling bootstrap method startup on websensehelper@mozilla.org version 1.0
1490171175719	addons.manager	DEBUG	Registering shutdown blocker for XPIProvider
1490171175720	addons.manager	DEBUG	Provider finished startup: XPIProvider
1490171175720	addons.manager	DEBUG	Starting provider: LightweightThemeManager
1490171175720	addons.manager	DEBUG	Registering shutdown blocker for LightweightThemeManager
1490171175721	addons.manager	DEBUG	Provider finished startup: LightweightThemeManager
1490171175739	addons.manager	DEBUG	Starting provider: GMPProvider
1490171175846	addons.manager	DEBUG	Registering shutdown blocker for GMPProvider
1490171175848	addons.manager	DEBUG	Provider finished startup: GMPProvider
1490171175856	addons.manager	DEBUG	Starting provider: PluginProvider
1490171175857	addons.manager	DEBUG	Registering shutdown blocker for PluginProvider
1490171175860	addons.manager	DEBUG	Provider finished startup: PluginProvider
1490171175861	addons.manager	DEBUG	Completed startup sequence
1490171183013	addons.manager	DEBUG	Starting provider: <unnamed-provider>
1490171183013	addons.manager	DEBUG	Registering shutdown blocker for <unnamed-provider>
1490171183014	addons.manager	DEBUG	Provider finished startup: <unnamed-provider>
1490171185147	DeferredSave.extensions.json	DEBUG	Write succeeded
1490171185149	addons.xpi-utils	DEBUG	XPI Database saved, setting schema version preference to 17
1490171185150	DeferredSave.extensions.json	DEBUG	Starting timer
1490171185202	DeferredSave.extensions.json	DEBUG	Starting write
1490171186374	addons.manager	DEBUG	Starting provider: PreviousExperimentProvider
1490171186375	addons.manager	DEBUG	Registering shutdown blocker for PreviousExperimentProvider
1490171186377	addons.manager	DEBUG	Provider finished startup: PreviousExperimentProvider
1490171186672	DeferredSave.extensions.json	DEBUG	Write succeeded

Build info: version: '2.53.0', revision: '35ae25b1534ae328c771e0856c93e187490ca824', time: '2016-03-15 10:43:46'
System info: host: 'TCOE-CVV1CT1-LX', ip: '10.215.74.99', os.name: 'Windows 10', os.arch: 'amd64', os.version: '10.0', java.version: '1.8.0_101'
Driver info: driver.version: FirefoxDriver
	at org.openqa.selenium.firefox.internal.NewProfileExtensionConnection.start(NewProfileExtensionConnection.java:125)
	at org.openqa.selenium.firefox.FirefoxDriver.startClient(FirefoxDriver.java:271)
	at org.openqa.selenium.remote.RemoteWebDriver.<init>(RemoteWebDriver.java:119)
	at org.openqa.selenium.firefox.FirefoxDriver.<init>(FirefoxDriver.java:216)
	at org.openqa.selenium.firefox.FirefoxDriver.<init>(FirefoxDriver.java:211)
	at auto.framework.WebManager.newFirefoxDriver(WebManager.java:175)
	at auto.framework.WebManager.newFirefoxDebugDriver(WebManager.java:243)
	at auto.framework.WebManager.startDriver(WebManager.java:104)
	at auto.framework.TestBase.startTest(TestBase.java:76)
	at sun.reflect.NativeMethodAccessorImpl.invoke0(Native Method)
	at sun.reflect.NativeMethodAccessorImpl.invoke(Unknown Source)
	at sun.reflect.DelegatingMethodAccessorImpl.invoke(Unknown Source)
	at java.lang.reflect.Method.invoke(Unknown Source)
	at org.testng.internal.MethodInvocationHelper.invokeMethod(MethodInvocationHelper.java:86)
	at org.testng.internal.Invoker.invokeConfigurationMethod(Invoker.java:514)
	at org.testng.internal.Invoker.invokeConfigurations(Invoker.java:215)
	at org.testng.internal.Invoker.invokeConfigurations(Invoker.java:142)
	at org.testng.TestRunner.beforeRun(TestRunner.java:656)
	at org.testng.TestRunner.run(TestRunner.java:624)
	at org.testng.SuiteRunner.runTest(SuiteRunner.java:366)
	at org.testng.SuiteRunner.runSequentially(SuiteRunner.java:361)
	at org.testng.SuiteRunner.privateRun(SuiteRunner.java:319)
	at org.testng.SuiteRunner.run(SuiteRunner.java:268)
	at org.testng.SuiteRunnerWorker.runSuite(SuiteRunnerWorker.java:52)
	at org.testng.SuiteRunnerWorker.run(SuiteRunnerWorker.java:86)
	at org.testng.TestNG.runSuitesSequentially(TestNG.java:1244)
	at org.testng.TestNG.runSuitesLocally(TestNG.java:1169)
	at org.testng.TestNG.run(TestNG.java:1064)
	at org.testng.remote.AbstractRemoteTestNG.run(AbstractRemoteTestNG.java:126)
	at org.testng.remote.RemoteTestNG.initAndRun(RemoteTestNG.java:152)
	at org.testng.remote.RemoteTestNG.main(RemoteTestNG.java:57)
Caused by: org.openqa.selenium.firefox.NotConnectedException: Unable to connect to host 127.0.0.1 on port 7055 after 45000 ms. Firefox console output:
e,"hasBinaryComponents":false,"strictCompatibility":true,"locales":[],"targetApplications":[{"id":"{ec8030f7-c20a-464f-9b0e-13a3a9e97384}","minVersion":"47.0.2","maxVersion":"47.0.2"}],"targetPlatforms":[],"seen":true}
1490171174962	DeferredSave.extensions.json	DEBUG	Save changes
1490171174963	addons.xpi	DEBUG	Updating database with changes to installed add-ons
1490171174964	addons.xpi-utils	DEBUG	Updating add-on states
1490171174973	addons.xpi-utils	DEBUG	Writing add-ons list
1490171175015	addons.xpi	DEBUG	Registering manifest for C:\Users\renz.r.ordonez\AppData\Local\Temp\anonymous8164435782169391773webdriver-profile\extensions\firebug@software.joehewitt.com.xpi
1490171175040	addons.xpi	DEBUG	Calling bootstrap method startup on firebug@software.joehewitt.com version 2.0.19
1490171175169	addons.xpi	DEBUG	Registering manifest for C:\Program Files\Mozilla Firefox\browser\features\e10srollout@mozilla.org.xpi
1490171175199	addons.xpi	DEBUG	Loading bootstrap scope from C:\Program Files\Mozilla Firefox\browser\features\e10srollout@mozilla.org.xpi
1490171175281	addons.xpi	DEBUG	Calling bootstrap method startup on e10srollout@mozilla.org version 1.0
1490171175303	addons.xpi	DEBUG	Registering manifest for C:\Program Files\Mozilla Firefox\browser\features\firefox@getpocket.com.xpi
1490171175327	addons.xpi	DEBUG	Loading bootstrap scope from C:\Program Files\Mozilla Firefox\browser\features\firefox@getpocket.com.xpi
1490171175370	addons.xpi	DEBUG	Calling bootstrap method startup on firefox@getpocket.com version 1.0.2
1490171175374	addons.xpi	DEBUG	Registering manifest for C:\Program Files\Mozilla Firefox\browser\features\loop@mozilla.org.xpi
1490171175393	addons.xpi	DEBUG	Loading bootstrap scope from C:\Program Files\Mozilla Firefox\browser\features\loop@mozilla.org.xpi
1490171175420	addons.xpi	DEBUG	Calling bootstrap method startup on loop@mozilla.org version 1.3.2
1490171175640	addons.xpi	DEBUG	Registering manifest for C:\Program Files\Mozilla Firefox\browser\features\websensehelper@mozilla.org.xpi
1490171175657	addons.xpi	DEBUG	Loading bootstrap scope from C:\Program Files\Mozilla Firefox\browser\features\websensehelper@mozilla.org.xpi
1490171175705	addons.xpi	DEBUG	Calling bootstrap method startup on websensehelper@mozilla.org version 1.0
1490171175719	addons.manager	DEBUG	Registering shutdown blocker for XPIProvider
1490171175720	addons.manager	DEBUG	Provider finished startup: XPIProvider
1490171175720	addons.manager	DEBUG	Starting provider: LightweightThemeManager
1490171175720	addons.manager	DEBUG	Registering shutdown blocker for LightweightThemeManager
1490171175721	addons.manager	DEBUG	Provider finished startup: LightweightThemeManager
1490171175739	addons.manager	DEBUG	Starting provider: GMPProvider
1490171175846	addons.manager	DEBUG	Registering shutdown blocker for GMPProvider
1490171175848	addons.manager	DEBUG	Provider finished startup: GMPProvider
1490171175856	addons.manager	DEBUG	Starting provider: PluginProvider
1490171175857	addons.manager	DEBUG	Registering shutdown blocker for PluginProvider
1490171175860	addons.manager	DEBUG	Provider finished startup: PluginProvider
1490171175861	addons.manager	DEBUG	Completed startup sequence
1490171183013	addons.manager	DEBUG	Starting provider: <unnamed-provider>
1490171183013	addons.manager	DEBUG	Registering shutdown blocker for <unnamed-provider>
1490171183014	addons.manager	DEBUG	Provider finished startup: <unnamed-provider>
1490171185147	DeferredSave.extensions.json	DEBUG	Write succeeded
1490171185149	addons.xpi-utils	DEBUG	XPI Database saved, setting schema version preference to 17
1490171185150	DeferredSave.extensions.json	DEBUG	Starting timer
1490171185202	DeferredSave.extensions.json	DEBUG	Starting write
1490171186374	addons.manager	DEBUG	Starting provider: PreviousExperimentProvider
1490171186375	addons.manager	DEBUG	Registering shutdown blocker for PreviousExperimentProvider
1490171186377	addons.manager	DEBUG	Provider finished startup: PreviousExperimentProvider
1490171186672	DeferredSave.extensions.json	DEBUG	Write succeeded

	at org.openqa.selenium.firefox.internal.NewProfileExtensionConnection.start(NewProfileExtensionConnection.java:113)
	... 30 more
]]>
    </error>
  </testcase> <!-- testScenario -->
</testsuite> <!-- scenarios.ContributeEU -->
